[00:38:29] [main/INFO]: Loading Minecraft 1.21.1 with Fabric Loader 0.16.9
[00:38:29] [ForkJoinPool-1-worker-2/WARN]: Mod tectonic uses the version 2.4.1a which isn't compatible with Loader's extended semantic version format (Could not parse version number component '1a'!), SemVer is recommended for reliably evaluating dependencies and prioritizing newer version
[00:38:30] [main/WARN]: Warnings were found!
 - Mod 'Forge Config API Port' (forgeconfigapiport) 21.1.2 recommends any version of modmenu, which is missing!
	 - You should install any version of modmenu for the optimal experience.
[00:38:30] [main/INFO]: Loading 94 mods:
	- appleskin 3.0.6+mc1.21
	   \-- cloth-config 15.0.127
	        \-- cloth-basic-math 0.6.1
	- cinderscapes 5.0.2
	   |-- biolith 3.0.0
	   |-- cinderscapes-client 5.0.2
	   |-- cinderscapes-common 5.0.2
	   |-- cinderscapes-worldgen 5.0.2
	   |-- cloth-config 15.0.127
	   |    \-- cloth-basic-math 0.6.1
	   |-- terraform-biome-remapper-api-v1 11.0.0
	   |-- terraform-shapes-api-v1 11.0.0
	   |-- terraform-surfaces-api-v1 11.0.0
	   \-- terraform-wood-api-v1 11.0.0
	- cristellib 1.2.8
	   \-- blue_endless_jankson 1.2.3
	- easyanvils 21.1.0
	- easymagic 21.1.0
	- explorify 1.6.2
	- fabric-api 0.109.0+1.21.1
	   |-- fabric-api-base 0.4.42+6573ed8c19
	   |-- fabric-api-lookup-api-v1 1.6.70+b559734419
	   |-- fabric-biome-api-v1 13.0.30+be1ed2d719
	   |-- fabric-block-api-v1 1.0.22+0af3f5a719
	   |-- fabric-block-view-api-v2 1.0.10+6573ed8c19
	   |-- fabric-blockrenderlayer-v1 1.1.52+0af3f5a719
	   |-- fabric-client-tags-api-v1 1.1.15+6573ed8c19
	   |-- fabric-command-api-v1 1.2.49+f71b366f19
	   |-- fabric-command-api-v2 2.2.28+6ced4dd919
	   |-- fabric-commands-v0 0.2.66+df3654b319
	   |-- fabric-content-registries-v0 8.0.18+b559734419
	   |-- fabric-convention-tags-v1 2.1.2+7f945d5b19
	   |-- fabric-convention-tags-v2 2.9.2+e60e56d419
	   |-- fabric-crash-report-info-v1 0.2.29+0af3f5a719
	   |-- fabric-data-attachment-api-v1 1.4.0+da19b51a19
	   |-- fabric-data-generation-api-v1 20.2.23+16c4ae2519
	   |-- fabric-dimensions-v1 4.0.0+6fc22b9919
	   |-- fabric-entity-events-v1 1.7.0+2122d82819
	   |-- fabric-events-interaction-v0 0.7.13+ba9dae0619
	   |-- fabric-game-rule-api-v1 1.0.53+6ced4dd919
	   |-- fabric-item-api-v1 11.1.1+d5debaed19
	   |-- fabric-item-group-api-v1 4.1.6+6823f7cd19
	   |-- fabric-key-binding-api-v1 1.0.47+0af3f5a719
	   |-- fabric-keybindings-v0 0.2.45+df3654b319
	   |-- fabric-lifecycle-events-v1 2.5.0+01d9a51c19
	   |-- fabric-loot-api-v2 3.0.15+3f89f5a519
	   |-- fabric-loot-api-v3 1.0.3+3f89f5a519
	   |-- fabric-message-api-v1 6.0.13+6573ed8c19
	   |-- fabric-model-loading-api-v1 2.0.0+fe474d6b19
	   |-- fabric-networking-api-v1 4.3.0+c7469b2119
	   |-- fabric-object-builder-api-v1 15.2.1+40875a9319
	   |-- fabric-particles-v1 4.0.2+6573ed8c19
	   |-- fabric-recipe-api-v1 5.0.13+6508971219
	   |-- fabric-registry-sync-v0 5.1.3+60c3209b19
	   |-- fabric-renderer-api-v1 3.4.0+c705a49c19
	   |-- fabric-renderer-indigo 1.7.0+c705a49c19
	   |-- fabric-renderer-registries-v1 3.2.68+df3654b319
	   |-- fabric-rendering-data-attachment-v1 0.3.48+73761d2e19
	   |-- fabric-rendering-fluids-v1 3.1.6+1daea21519
	   |-- fabric-rendering-v0 1.1.71+df3654b319
	   |-- fabric-rendering-v1 5.0.5+df16efd019
	   |-- fabric-resource-conditions-api-v1 4.3.0+8dc279b119
	   |-- fabric-resource-loader-v0 1.3.1+5b5275af19
	   |-- fabric-screen-api-v1 2.0.25+8b68f1c719
	   |-- fabric-screen-handler-api-v1 1.3.87+b559734419
	   |-- fabric-sound-api-v1 1.0.23+6573ed8c19
	   |-- fabric-transfer-api-v1 5.4.2+95bead5f19
	   \-- fabric-transitive-access-wideners-v1 6.1.0+1daea21519
	- fabricloader 0.16.9
	   \-- mixinextras 0.4.1
	- forgeconfigapiport 21.1.2
	   |-- com_electronwill_night-config_core 3.8.0
	   \-- com_electronwill_night-config_toml 3.8.0
	- jade 15.8.3+fabric
	- java 21
	- jei 19.21.0.247
	- justzoom 2.0.0
	- konkrete 1.9.9
	- mes 1.3.5-1.21-fabric
	- minecraft 1.21.1
	- mns 1.0.5-1.21-fabric
	- moonlight 1.21-2.17.5
	- mr_clifftree 1.7
	- mr_tidal_towns 1.3.3
	- mr_true_ending 1-v1.1.2d
	- mvs 4.2.6-1.21-fabric
	- puzzleslib 21.1.22
	- skinlayers3d 1.7.2
	- skinrestorer 2.1.0+1.21-fabric
	- supplementaries 1.21-3.0.23-beta
	   \-- mixinsquared 0.1.1
	- t_and_t 1.13.2
	- tectonic 2.4.1a
	- universal-graves 3.4.4+1.21
	   |-- common-protection-api 1.0.0
	   |-- fabric-permissions-api-v0 0.2-SNAPSHOT
	   |-- placeholder-api 2.4.1+1.21
	   |-- polymer-core 0.9.14+1.21.1
	   |    |-- polymer-networking 0.9.14+1.21.1
	   |    |    \-- polymer-common 0.9.14+1.21.1
	   |    |         \-- packet_tweaker 0.5.5+1.21
	   |    \-- polymer-registry-sync-manipulator 0.9.14+1.21.1
	   |-- polymer-resource-pack 0.9.14+1.21.1
	   |    \-- polymer-common 0.9.14+1.21.1
	   |         \-- packet_tweaker 0.5.5+1.21
	   |-- polymer-virtual-entity 0.9.14+1.21.1
	   |    \-- polymer-common 0.9.14+1.21.1
	   |         \-- packet_tweaker 0.5.5+1.21
	   |-- predicate-api 0.5.1+1.21
	   |-- server_translations_api 2.3.1+1.21-pre2
	   \-- sgui 1.6.0+1.21
	- variantvanillablocks 2.1
	- xaerominimap 24.6.1
[00:38:30] [main/INFO]: SpongePowered MIXIN Subsystem Version=0.8.7 Source=file:/workspaces/server/servidor_minecraft/libraries/net/fabricmc/sponge-mixin/0.15.4+mixin.0.8.7/sponge-mixin-0.15.4+mixin.0.8.7.jar Service=Knot/Fabric Env=SERVER
[00:38:30] [main/INFO]: Compatibility level set to JAVA_21
[00:38:30] [main/WARN]: Reference map 'forgeconfigapiport.common.refmap.json' for forgeconfigapiport.common.mixins.json could not be read. If this is a development environment you can ignore this message
[00:38:31] [main/WARN]: Error loading class: vectorwing/farmersdelight/common/block/TomatoVineBlock (java.lang.ClassNotFoundException: vectorwing/farmersdelight/common/block/TomatoVineBlock)
[00:38:31] [main/WARN]: Error loading class: me/jellysquid/mods/sodium/client/render/chunk/compile/pipeline/FluidRenderer (java.lang.ClassNotFoundException: me/jellysquid/mods/sodium/client/render/chunk/compile/pipeline/FluidRenderer)
[00:38:31] [main/WARN]: Error loading class: com/simibubi/create/content/kinetics/base/BlockBreakingKineticBlockEntity (java.lang.ClassNotFoundException: com/simibubi/create/content/kinetics/base/BlockBreakingKineticBlockEntity)
[00:38:32] [main/INFO]: Initializing MixinExtras via com.llamalad7.mixinextras.service.MixinExtrasServiceImpl(version=0.4.1).
[00:38:46] [main/INFO]: Biolith for Fabric is initializing...
[00:38:46] [main/INFO]: Enabling Cinderscapes' Biolith worldgen module.
[00:38:46] [main/INFO]: Constructing common components for easyanvils:main
[00:38:47] [main/INFO]: Dispatching loading event for config easyanvils-common.toml
[00:38:47] [main/INFO]: Constructing common components for easymagic:main
[00:38:47] [main/INFO]: Dispatching loading event for config easymagic-common.toml
[00:38:47] [main/WARN]: [JUST ZOOM] Disabling 'Just Zoom' since it's a client-side mod and current environment is server!
[00:38:47] [main/INFO]: [KONKRETE] Loading v1.9.9 in server-side mode on FABRIC!
[00:38:47] [main/INFO]: ---------------------------
[00:38:47] [main/INFO]: KONKRETE SHIPS AND USES THE FOLLOWING LIBRARIES:
[00:38:47] [main/INFO]:  
[00:38:47] [main/INFO]: Open Imaging Copyright © 2014 Dhyan Blum.
[00:38:47] [main/INFO]: Open Imaging is licensed under Apache-2.0.
[00:38:47] [main/INFO]:  
[00:38:47] [main/INFO]: JsonPath Copyright © 2017 Jayway.
[00:38:47] [main/INFO]: JsonPath is licensed under Apache-2.0.
[00:38:47] [main/INFO]:  
[00:38:47] [main/INFO]: Json-smart Copyright © netplex.
[00:38:47] [main/INFO]: Json-smart is licensed under Apache-2.0.
[00:38:47] [main/INFO]:  
[00:38:47] [main/INFO]: Exp4j Copyright © Frank Asseg.
[00:38:47] [main/INFO]: Exp4j is licensed under Apache-2.0. https://github.com/fasseg/exp4j
[00:38:47] [main/INFO]: ---------------------------
[00:38:47] [main/INFO]: [KONKRETE] Server-side modules initialized and ready to use!
[00:38:47] [main/INFO]: Constructing common components for puzzleslib:main
[00:38:48] [main/INFO]: Loaded config supplementaries-common.json
[00:38:50] [main/INFO]: Initialized block sets in 11ms
[00:38:50] [main/ERROR]: No data fixer registered for dispenser_minecart
[00:38:50] [main/ERROR]: No data fixer registered for falling_urn
[00:38:50] [main/ERROR]: No data fixer registered for falling_ash
[00:38:50] [main/ERROR]: No data fixer registered for falling_sack
[00:38:50] [main/ERROR]: No data fixer registered for brick_projectile
[00:38:50] [main/ERROR]: No data fixer registered for slimeball_projectile
[00:38:50] [main/ERROR]: No data fixer registered for bomb
[00:38:50] [main/ERROR]: No data fixer registered for cannonball
[00:38:50] [main/ERROR]: No data fixer registered for rope_arrow
[00:38:50] [main/ERROR]: No data fixer registered for slingshot_projectile
[00:38:50] [main/INFO]: Initialized color sets in 28ms
[00:38:50] [main/INFO]: Finished mod setup in: [0, 1, 0, 0, 20, 4, 1] ms
[00:38:50] [main/INFO]: Loading Xaero's Minimap - Stage 1/2 (Server)
[00:38:50] [main/ERROR]: Registry 'terraform:boat' was empty after loading
[00:38:50] [main/INFO]: Environment: Environment[sessionHost=https://sessionserver.mojang.com, servicesHost=https://api.minecraftservices.com, name=PROD]
[00:38:51] [main/INFO]: Generated runtime SERVER_DATA for pack supplementaries:generated_pack (Supplementaries) in: 54 ms
[00:38:53] [Worker-Main-1/ERROR]: Couldn't parse element minecraft:loot_table/mvs:rare - Failed to parse either. First: Not a valid resource location: #minecraft:enchant_with_levels Non [a-z0-9_.-] character in namespace of location: #minecraft:enchant_with_levels; Second: Not a json array: {"function":"#minecraft:enchant_with_levels","options":"#minecraft:on_random_loot","levels":{"type":"minecraft:uniform","min":20,"max":39},"treasure":true}
[00:38:53] [Worker-Main-1/WARN]: Found loot table element validation problem in {minecraft:loot_table/minecraft:blocks/snow_block}.pools[0].entries[0]: Unreachable entry!
[00:38:54] [main/INFO]: Loaded 1782 recipes
[00:38:54] [main/INFO]: Loaded 1649 advancements
[00:38:54] [Thread-3/INFO]: Loaded 58 translation keys
[00:38:54] [main/INFO]: Loaded 27 flute songs
[00:38:54] [main/WARN]: Not all defined tags for registry ResourceKey[minecraft:root / minecraft:item] are present in data pack: c:ingots/lead, c:storage_blocks/lead, supplementaries:buntings, supplementaries:concrete_powders
[00:38:56] [main/INFO]: Registering custom dispenser behaviors
[00:38:56] [main/INFO]: Applied 155 biome modifications to 78 of 94 new biomes in 34.54 ms
[00:38:56] [Server thread/INFO]: Dispatching loading event for config easyanvils-server.toml
[00:38:56] [Server thread/INFO]: Dispatching loading event for config easymagic-server.toml
[00:38:57] [Server thread/INFO]: Starting minecraft server version 1.21.1
[00:38:57] [Server thread/INFO]: Loading properties
[00:38:57] [Server thread/INFO]: Default game type: SURVIVAL
[00:38:57] [Server thread/INFO]: Generating keypair
[00:38:57] [Server thread/INFO]: Starting Minecraft server on *:25565
[00:38:57] [Server thread/INFO]: Using epoll channel type
[00:38:57] [Server thread/WARN]: **** SERVER IS RUNNING IN OFFLINE/INSECURE MODE!
[00:38:57] [Server thread/WARN]: The server will make no attempt to authenticate usernames. Beware.
[00:38:57] [Server thread/WARN]: While this makes the game possible to play without internet access, it also opens up the ability for hackers to connect with any username they choose.
[00:38:57] [Server thread/WARN]: To change this, set "online-mode" to "true" in the server.properties file.
[00:38:57] [Server thread/INFO]: Preparing level "world"
[00:39:15] [Server thread/INFO]: Preparing start region for dimension minecraft:overworld
[00:39:17] [Worker-Main-1/INFO]: Preparing spawn area: 0%
[00:39:17] [Worker-Main-1/INFO]: Preparing spawn area: 0%
[00:39:17] [Worker-Main-1/INFO]: Preparing spawn area: 0%
[00:39:17] [Worker-Main-1/INFO]: Preparing spawn area: 0%
[00:39:17] [Worker-Main-1/INFO]: Preparing spawn area: 0%
[00:39:18] [Server thread/INFO]: Time elapsed: 2535 ms
[00:39:18] [Server thread/INFO]: Done (20.401s)! For help, type "help"
[00:39:18] [Server thread/INFO]: Start loading plugin from Jade: snownee.jade.addon.core.CorePlugin
[00:39:18] [Server thread/INFO]: Start loading plugin from Jade: snownee.jade.addon.vanilla.VanillaPlugin
[00:39:18] [Server thread/INFO]: Start loading plugin from Jade: snownee.jade.addon.universal.UniversalPlugin
[00:39:18] [Server thread/INFO]: Start loading plugin from Jade: snownee.jade.addon.access.AccessibilityPlugin
[00:39:18] [Server thread/INFO]: Start loading plugin from Jade: snownee.jade.addon.debug.DebugPlugin
[00:39:18] [Server thread/INFO]: Start loading plugin from Polymer (Core): eu.pb4.polymer.core.impl.client.compat.JadeCompatibility
[00:39:18] [Server thread/INFO]: Start loading plugin from Supplementaries: net.mehvahdjukaar.supplementaries.integration.JadeCompat
[00:39:18] [Server thread/WARN]: More than one Overworld dimension world created; cowardly ignoring 'minecraft:server_faucet_test_level' in favor of 'minecraft:overworld'
[00:39:41] [Worker-Main-1/ERROR]: Couldn't load structure mvs:houses/medium_igloo_2
net.minecraft.class_8911: Loading NBT data
	at knot/net.minecraft.class_2487.method_10581(class_2487.java:530) ~[server-intermediary.jar:?]
	at knot/net.minecraft.class_2487$1.method_53889(class_2487.java:76) ~[server-intermediary.jar:?]
	at knot/net.minecraft.class_2487$1.method_23240(class_2487.java:63) ~[server-intermediary.jar:?]
	at knot/net.minecraft.class_2487$1.method_23262(class_2487.java:58) ~[server-intermediary.jar:?]
	at knot/net.minecraft.class_2499$1.method_53895(class_2499.java:48) ~[server-intermediary.jar:?]
	at knot/net.minecraft.class_2499$1.method_23249(class_2499.java:31) ~[server-intermediary.jar:?]
	at knot/net.minecraft.class_2499$1.method_23262(class_2499.java:26) ~[server-intermediary.jar:?]
	at knot/net.minecraft.class_2487.method_10581(class_2487.java:524) ~[server-intermediary.jar:?]
	at knot/net.minecraft.class_2487$1.method_53889(class_2487.java:76) ~[server-intermediary.jar:?]
	at knot/net.minecraft.class_2487$1.method_23240(class_2487.java:63) ~[server-intermediary.jar:?]
	at knot/net.minecraft.class_2487$1.method_23262(class_2487.java:58) ~[server-intermediary.jar:?]
	at knot/net.minecraft.class_2507.method_52892(class_2507.java:191) ~[server-intermediary.jar:?]
	at knot/net.minecraft.class_2507.method_10626(class_2507.java:186) ~[server-intermediary.jar:?]
	at knot/net.minecraft.class_2507.method_10625(class_2507.java:111) ~[server-intermediary.jar:?]
	at knot/net.minecraft.class_2507.method_10629(class_2507.java:51) ~[server-intermediary.jar:?]
	at knot/net.minecraft.class_3485.method_15090(class_3485.java:242) ~[server-intermediary.jar:?]
	at knot/net.minecraft.class_3485.method_44231(class_3485.java:232) ~[server-intermediary.jar:?]
	at knot/net.minecraft.class_3485.method_15088(class_3485.java:136) ~[server-intermediary.jar:?]
	at knot/net.minecraft.class_3485.method_44245(class_3485.java:114) ~[server-intermediary.jar:?]
	at java.base/java.util.concurrent.ConcurrentHashMap.computeIfAbsent(ConcurrentHashMap.java:1708) ~[?:?]
	at knot/net.minecraft.class_3485.method_15094(class_3485.java:104) ~[server-intermediary.jar:?]
	at knot/net.minecraft.class_3485.method_15091(class_3485.java:92) ~[server-intermediary.jar:?]
	at knot/com.mojang.datafixers.util.Either$Left.map(Either.java:38) ~[datafixerupper-8.0.16.jar:?]
	at knot/net.minecraft.class_3781.method_27233(class_3781.java:94) ~[server-intermediary.jar:?]
	at knot/net.minecraft.class_3781.method_16628(class_3781.java:134) ~[server-intermediary.jar:?]
	at knot/com.finndog.mvs.world.structures.pieces.PieceLimitedJigsawManager.assembleJigsawStructure(PieceLimitedJigsawManager.java:108) ~[mvs-4.2.6-1.21.jar:?]
	at knot/com.finndog.mvs.world.structures.GenericJigsawStructure.method_38676(GenericJigsawStructure.java:213) ~[mvs-4.2.6-1.21.jar:?]
	at knot/net.minecraft.class_3195.method_47932(class_3195.java:239) ~[server-intermediary.jar:?]
	at knot/net.minecraft.class_3195.method_41614(class_3195.java:160) ~[server-intermediary.jar:?]
	at knot/net.minecraft.class_2794.method_41044(class_2794.java:517) ~[server-intermediary.jar:?]
	at knot/net.minecraft.class_2794.method_41041(class_2794.java:470) ~[server-intermediary.jar:?]
	at java.base/java.lang.Iterable.forEach(Iterable.java:75) ~[?:?]
	at knot/net.minecraft.class_2794.method_16129(class_2794.java:452) ~[server-intermediary.jar:?]
	at knot/net.minecraft.class_9310.method_57601(class_9310.java:38) ~[server-intermediary.jar:?]
	at knot/net.minecraft.class_9770.method_60560(class_9770.java:33) ~[server-intermediary.jar:?]
	at knot/net.minecraft.class_3898.method_60442(class_3898.java:632) ~[server-intermediary.jar:?]
	at knot/net.minecraft.class_9761.method_60461(class_9761.java:96) ~[server-intermediary.jar:?]
	at knot/net.minecraft.class_9759.method_60428(class_9759.java:143) ~[server-intermediary.jar:?]
	at knot/net.minecraft.class_9759.method_60427(class_9759.java:121) ~[server-intermediary.jar:?]
	at knot/net.minecraft.class_9759.method_60432(class_9759.java:74) ~[server-intermediary.jar:?]
	at knot/net.minecraft.class_9759.method_60424(class_9759.java:59) ~[server-intermediary.jar:?]
	at knot/net.minecraft.class_3898.method_60446(class_3898.java:665) ~[server-intermediary.jar:?]
	at knot/net.minecraft.class_3900.method_17634(class_3900.java:62) ~[server-intermediary.jar:?]
	at knot/net.minecraft.class_3846.method_16907(class_3846.java:91) [server-intermediary.jar:?]
	at knot/net.minecraft.class_3846.method_16900(class_3846.java:146) [server-intermediary.jar:?]
	at knot/net.minecraft.class_3846.run(class_3846.java:102) [server-intermediary.jar:?]
	at java.base/java.util.concurrent.ForkJoinTask$RunnableExecuteAction.exec(ForkJoinTask.java:1423) [?:?]
	at java.base/java.util.concurrent.ForkJoinTask.doExec(ForkJoinTask.java:387) [?:?]
	at java.base/java.util.concurrent.ForkJoinPool$WorkQueue.topLevelExec(ForkJoinPool.java:1312) [?:?]
	at java.base/java.util.concurrent.ForkJoinPool.scan(ForkJoinPool.java:1843) [?:?]
	at java.base/java.util.concurrent.ForkJoinPool.runWorker(ForkJoinPool.java:1808) [?:?]
	at java.base/java.util.concurrent.ForkJoinWorkerThread.run(ForkJoinWorkerThread.java:188) [?:?]
Caused by: java.io.IOException: Invalid tag id: 116
	at knot/net.minecraft.class_4614$1.method_39878(class_4614.java:58) ~[server-intermediary.jar:?]
	at knot/net.minecraft.class_4614$1.method_23264(class_4614.java:63) ~[server-intermediary.jar:?]
	at knot/net.minecraft.class_4614$1.method_23262(class_4614.java:56) ~[server-intermediary.jar:?]
	at knot/net.minecraft.class_2487.method_10581(class_2487.java:524) ~[server-intermediary.jar:?]
	... 51 more
[00:39:50] [Server thread/WARN]: More than one Overworld dimension world created; cowardly ignoring 'minecraft:server_projectile_test_level' in favor of 'minecraft:overworld'
[00:39:50] [Server thread/WARN]: Can't keep up! Is the server overloaded? Running 31924ms or 638 ticks behind
[00:39:50] [Server thread/INFO]: Loading Xaero's Minimap - Stage 2/2 (Server)
[00:40:28] [Server thread/INFO]: Unknown or incomplete command, see below for error
[00:40:28] [Server thread/INFO]: <--[HERE]
[00:41:05] [Server thread/INFO]: RackyShao[/[0:0:0:0:0:0:0:1%0]:37870] logged in with entity id 35 at (18.38506874745561, 102.5, 116.516174497973)
[00:41:06] [Server thread/INFO]: RackyShao joined the game
[00:41:10] [Server thread/INFO]: [RackyShao: Removed 8 item(s) from player RackyShao]
[00:41:12] [Server thread/WARN]: Can't keep up! Is the server overloaded? Running 2015ms or 40 ticks behind
[00:41:13] [Server thread/INFO]: Jere167[/[0:0:0:0:0:0:0:1%0]:40964] logged in with entity id 441 at (-9.5, 82.0, 149.5)
[00:41:13] [Server thread/INFO]: Jere167 joined the game
[00:41:20] [Server thread/INFO]: [Not Secure] <Jere167> que fue
[00:41:29] [Thread-17/WARN]: failed to fetch skin
java.lang.IllegalStateException: not found
	at knot/net.lionarius.skinrestorer.util.WebUtils.throwOnClientErrors(WebUtils.java:77) ~[skinrestorer-2.1.0+1.21-fabric.jar:?]
	at knot/net.lionarius.skinrestorer.skin.provider.MojangSkinProvider.getProfile(MojangSkinProvider.java:126) ~[skinrestorer-2.1.0+1.21-fabric.jar:?]
	at knot/net.lionarius.skinrestorer.skin.provider.MojangSkinProvider.lambda$static$0(MojangSkinProvider.java:52) ~[skinrestorer-2.1.0+1.21-fabric.jar:?]
	at knot/net.minecraft.class_3312.method_14509(class_3312.java:95) ~[server-intermediary.jar:?]
	at knot/net.minecraft.class_3312.method_14515(class_3312.java:150) ~[server-intermediary.jar:?]
	at knot/net.lionarius.skinrestorer.skin.provider.MojangSkinProvider.fetchSkin(MojangSkinProvider.java:97) ~[skinrestorer-2.1.0+1.21-fabric.jar:?]
	at knot/net.minecraft.class_3248.md0908a9$skinrestorer$lambda$skinrestorer$fetchSkin$1$2(class_3248.java:2578) ~[server-intermediary.jar:?]
	at java.base/java.util.Optional.map(Optional.java:260) ~[?:?]
	at knot/net.minecraft.class_3248.skinrestorer$fetchSkin(class_3248.java:2577) ~[server-intermediary.jar:?]
	at knot/net.minecraft.class_3248.md0908a9$skinrestorer$lambda$waitForSkin$0$3(class_3248.java:2562) ~[server-intermediary.jar:?]
	at java.base/java.util.concurrent.CompletableFuture$AsyncSupply.run(CompletableFuture.java:1768) ~[?:?]
	at java.base/java.lang.Thread.run(Thread.java:1583) [?:?]
[00:41:33] [Server thread/INFO]: Matirex53[/[0:0:0:0:0:0:0:1%0]:51190] logged in with entity id 769 at (-7.5, 82.0, 138.5)
[00:41:33] [Server thread/INFO]: Matirex53 joined the game
[00:41:48] [Server thread/INFO]: [Jere167: Skin changed]
[00:43:42] [Server thread/INFO]: [Not Secure] * Jere167 *se muere*
[00:44:31] [Server thread/INFO]: [Jere167: Skin changed]
[00:44:31] [Server thread/INFO]: [RackyShao: Skin changed]
[00:44:47] [Server thread/INFO]: [RackyShao: Skin changed]
[00:45:26] [Server thread/INFO]: Jere167 was slain by Matirex53
[00:45:45] [Server thread/INFO]: Fervel05[/[0:0:0:0:0:0:0:1%0]:40636] logged in with entity id 2021 at (-9.5, 82.0, 139.5)
[00:45:45] [Server thread/INFO]: Fervel05 joined the game
[00:46:05] [Server thread/INFO]: [Matirex53: Skin changed]
[00:47:16] [Server thread/INFO]: Fervel05 has made the advancement [Acquire Hardware]
[00:47:22] [Server thread/INFO]: [RackyShao: Teleported RackyShao to Fervel05]
[00:48:50] [Server thread/INFO]: Jere167 has made the advancement [Stone Age]
[00:48:57] [Server thread/INFO]: Jere167 has made the advancement [Getting an Upgrade]
[00:49:31] [Thread-29/WARN]: failed to fetch skin
java.lang.IllegalStateException: not found
	at knot/net.lionarius.skinrestorer.util.WebUtils.throwOnClientErrors(WebUtils.java:77) ~[skinrestorer-2.1.0+1.21-fabric.jar:?]
	at knot/net.lionarius.skinrestorer.skin.provider.MojangSkinProvider.getProfile(MojangSkinProvider.java:126) ~[skinrestorer-2.1.0+1.21-fabric.jar:?]
	at knot/net.lionarius.skinrestorer.skin.provider.MojangSkinProvider.lambda$static$0(MojangSkinProvider.java:52) ~[skinrestorer-2.1.0+1.21-fabric.jar:?]
	at knot/net.minecraft.class_3312.method_14509(class_3312.java:95) ~[server-intermediary.jar:?]
	at knot/net.minecraft.class_3312.method_14515(class_3312.java:150) ~[server-intermediary.jar:?]
	at knot/net.lionarius.skinrestorer.skin.provider.MojangSkinProvider.fetchSkin(MojangSkinProvider.java:97) ~[skinrestorer-2.1.0+1.21-fabric.jar:?]
	at knot/net.minecraft.class_3248.md0908a9$skinrestorer$lambda$skinrestorer$fetchSkin$1$2(class_3248.java:2578) ~[server-intermediary.jar:?]
	at java.base/java.util.Optional.map(Optional.java:260) ~[?:?]
	at knot/net.minecraft.class_3248.skinrestorer$fetchSkin(class_3248.java:2577) ~[server-intermediary.jar:?]
	at knot/net.minecraft.class_3248.md0908a9$skinrestorer$lambda$waitForSkin$0$3(class_3248.java:2562) ~[server-intermediary.jar:?]
	at java.base/java.util.concurrent.CompletableFuture$AsyncSupply.run(CompletableFuture.java:1768) ~[?:?]
	at java.base/java.lang.Thread.run(Thread.java:1583) [?:?]
[00:49:38] [Server thread/INFO]: Yeric0ckman[/[0:0:0:0:0:0:0:1%0]:50984] logged in with entity id 3202 at (12.24369768935931, 92.0, 116.2597267057386)
[00:49:38] [Server thread/INFO]: Yeric0ckman joined the game
[00:50:14] [Server thread/INFO]: ReynFabio[/[0:0:0:0:0:0:0:1%0]:46366] logged in with entity id 3509 at (37.5, 82.0, 158.5)
[00:50:14] [Server thread/INFO]: ReynFabio joined the game
[00:50:27] [Server thread/INFO]: [RackyShao: Set own game mode to Survival Mode]
[00:51:24] [Server thread/WARN]: Fervel05 moved too quickly! -8.136520678482029,-1.9031272476744903,5.704372643122667
[00:51:24] [Server thread/WARN]: ReynFabio moved too quickly! 7.209194489744142,2.0,-6.937969547390622
[00:51:24] [Server thread/WARN]: Can't keep up! Is the server overloaded? Running 2298ms or 45 ticks behind
[00:51:32] [pool-5-thread-1/INFO]: Searching for closest structure among [ResourceKey[minecraft:worldgen/structure / minecraft:village_taiga], ResourceKey[minecraft:worldgen/structure / minecraft:village_desert], ResourceKey[minecraft:worldgen/structure / towns_and_towers:village_ocean], ResourceKey[minecraft:worldgen/structure / towns_and_towers:village_sparse_jungle], ResourceKey[minecraft:worldgen/structure / towns_and_towers:village_beach], ResourceKey[minecraft:worldgen/structure / towns_and_towers:village_birch_forest], ResourceKey[minecraft:worldgen/structure / towns_and_towers:village_swamp], ResourceKey[minecraft:worldgen/structure / towns_and_towers:exclusives/village_rustic]] from pos class_2338{x=357, y=77, z=747}
[00:51:34] [Server thread/WARN]: Tried to load a DUMMY block entity @ class_2338{x=357, y=76, z=746} but found not block entity block Block{supplementaries:candle_holder}[candles=1,face=ceiling,facing=north,lit=true,waterlogged=false] at location
[00:51:34] [Server thread/WARN]: Tried to load a block entity for block Block{supplementaries:candle_holder}[candles=1,face=ceiling,facing=north,lit=true,waterlogged=false] but failed at location class_2338{x=357, y=76, z=746}
[00:51:34] [Server thread/WARN]: Tried to load a DUMMY block entity @ class_2338{x=357, y=76, z=748} but found not block entity block Block{supplementaries:candle_holder}[candles=1,face=ceiling,facing=north,lit=true,waterlogged=false] at location
[00:51:34] [Server thread/WARN]: Tried to load a block entity for block Block{supplementaries:candle_holder}[candles=1,face=ceiling,facing=north,lit=true,waterlogged=false] but failed at location class_2338{x=357, y=76, z=748}
[00:51:34] [Server thread/WARN]: Tried to load a DUMMY block entity @ class_2338{x=357, y=77, z=746} but found not block entity block Block{minecraft:spruce_fence}[east=false,north=false,south=true,waterlogged=false,west=false] at location
[00:51:34] [Server thread/WARN]: Tried to load a block entity for block Block{minecraft:spruce_fence}[east=false,north=false,south=true,waterlogged=false,west=false] but failed at location class_2338{x=357, y=77, z=746}
[00:51:34] [Server thread/WARN]: Tried to load a DUMMY block entity @ class_2338{x=357, y=77, z=748} but found not block entity block Block{minecraft:spruce_fence}[east=false,north=true,south=false,waterlogged=false,west=false] at location
[00:51:34] [Server thread/WARN]: Tried to load a block entity for block Block{minecraft:spruce_fence}[east=false,north=true,south=false,waterlogged=false,west=false] but failed at location class_2338{x=357, y=77, z=748}
[00:51:34] [Server thread/WARN]: Tried to load a DUMMY block entity @ class_2338{x=357, y=77, z=747} but found not block entity block Block{minecraft:spruce_fence}[east=false,north=true,south=true,waterlogged=false,west=false] at location
[00:51:34] [Server thread/WARN]: Tried to load a block entity for block Block{minecraft:spruce_fence}[east=false,north=true,south=true,waterlogged=false,west=false] but failed at location class_2338{x=357, y=77, z=747}
[00:51:42] [Server thread/WARN]: Can't keep up! Is the server overloaded? Running 2948ms or 58 ticks behind
[00:52:05] [Server thread/INFO]: [Not Secure] <Jere167> tepenme
[00:52:22] [Server thread/INFO]: RackyShao has made the advancement [Stone Age]
[00:52:33] [Server thread/WARN]: Can't keep up! Is the server overloaded? Running 2003ms or 40 ticks behind
[00:52:50] [Server thread/INFO]: kalibre191[/[0:0:0:0:0:0:0:1%0]:33936] logged in with entity id 5372 at (18.8819212624642, 88.0, 114.65342535175373)
[00:52:50] [Server thread/INFO]: kalibre191 joined the game
[00:52:52] [Server thread/WARN]: Can't keep up! Is the server overloaded? Running 2020ms or 40 ticks behind
[00:52:53] [Server thread/INFO]: [RackyShao: Set own game mode to Creative Mode]
[00:53:09] [Server thread/WARN]: Can't keep up! Is the server overloaded? Running 2521ms or 50 ticks behind
[00:53:43] [Server thread/INFO]: Jere167 has made the advancement [Acquire Hardware]
[00:53:57] [Server thread/INFO]: ReynFabio has made the advancement [Stone Age]
[00:54:20] [Server thread/INFO]: ReynFabio has made the advancement [Getting an Upgrade]
[00:54:44] [Server thread/WARN]: Can't keep up! Is the server overloaded? Running 2034ms or 40 ticks behind
[00:54:49] [Server thread/INFO]: Yeric0ckman has made the advancement [Stone Age]
[00:54:54] [Server thread/INFO]: Fervel05 has made the advancement [Not Today, Thank You]
[00:55:04] [Worker-Main-1/WARN]: Moog's Voyager Structures: Empty or nonexistent pool: mvs:mine_with_campsite/side_pool which is being called from mvs:other_decoration/mine_with_campsite
[00:55:07] [Server thread/WARN]: RackyShao moved too quickly! 2.396322374979519,-9.924564668776895,1.677971788654986
[00:55:08] [Server thread/WARN]: Can't keep up! Is the server overloaded? Running 2075ms or 41 ticks behind
[00:55:11] [Server thread/INFO]: Yeric0ckman has made the advancement [Getting an Upgrade]
[00:55:17] [Server thread/WARN]: RackyShao moved too quickly! -8.703140740235881,0.0,-5.794639348439659
[00:55:17] [Server thread/WARN]: Matirex53 moved too quickly! -9.949631075818644,-1.130906499714527,1.112786464078681
[00:55:17] [Server thread/WARN]: kalibre191 moved too quickly! 1.8018821992125478,1.1661092609382138,9.939577730948812
[00:56:15] [Server thread/INFO]: Fervel05 has made the advancement [Monster Hunter]
[00:56:19] [Server thread/INFO]: Jere167 has made the advancement [Isn't It Iron Pick]
[00:57:13] [Server thread/WARN]: Can't keep up! Is the server overloaded? Running 40206ms or 804 ticks behind
[00:57:13] [Thread-37/WARN]: failed to fetch skin
java.lang.IllegalStateException: not found
	at knot/net.lionarius.skinrestorer.util.WebUtils.throwOnClientErrors(WebUtils.java:77) ~[skinrestorer-2.1.0+1.21-fabric.jar:?]
	at knot/net.lionarius.skinrestorer.skin.provider.MojangSkinProvider.getProfile(MojangSkinProvider.java:126) ~[skinrestorer-2.1.0+1.21-fabric.jar:?]
	at knot/net.lionarius.skinrestorer.skin.provider.MojangSkinProvider.lambda$static$0(MojangSkinProvider.java:52) ~[skinrestorer-2.1.0+1.21-fabric.jar:?]
	at knot/net.minecraft.class_3312.method_14509(class_3312.java:95) ~[server-intermediary.jar:?]
	at knot/net.minecraft.class_3312.method_14515(class_3312.java:150) ~[server-intermediary.jar:?]
	at knot/net.lionarius.skinrestorer.skin.provider.MojangSkinProvider.fetchSkin(MojangSkinProvider.java:97) ~[skinrestorer-2.1.0+1.21-fabric.jar:?]
	at knot/net.minecraft.class_3248.md0908a9$skinrestorer$lambda$skinrestorer$fetchSkin$1$2(class_3248.java:2578) ~[server-intermediary.jar:?]
	at java.base/java.util.Optional.map(Optional.java:260) ~[?:?]
	at knot/net.minecraft.class_3248.skinrestorer$fetchSkin(class_3248.java:2577) ~[server-intermediary.jar:?]
	at knot/net.minecraft.class_3248.md0908a9$skinrestorer$lambda$waitForSkin$0$3(class_3248.java:2562) ~[server-intermediary.jar:?]
	at java.base/java.util.concurrent.CompletableFuture$AsyncSupply.run(CompletableFuture.java:1768) ~[?:?]
	at java.base/java.lang.Thread.run(Thread.java:1583) [?:?]
[00:57:13] [Server thread/INFO]: Yeric0ckman lost connection: You logged in from another location
[00:57:13] [Server thread/INFO]: Yeric0ckman left the game
[00:57:13] [Server thread/INFO]: Jere167 lost connection: You logged in from another location
[00:57:13] [Server thread/INFO]: Jere167 left the game
[00:57:14] [Server thread/INFO]: Fervel05 lost connection: You logged in from another location
[00:57:14] [Server thread/INFO]: Fervel05 left the game
[00:57:14] [Server thread/WARN]: handleDisconnection() called twice
[00:57:14] [Server thread/INFO]: ReynFabio lost connection: You logged in from another location
[00:57:14] [Server thread/INFO]: ReynFabio left the game
[00:57:14] [Server thread/WARN]: RackyShao moved too quickly! 9.193348666954336,0.0,4.146121897860894
[00:57:14] [Server thread/WARN]: handleDisconnection() called twice
[00:57:14] [Server thread/WARN]: Matirex53 moved too quickly! -8.895395662844379,4.0,-2.9522911573099577
[00:57:14] [Server thread/INFO]: Matirex53 lost connection: You logged in from another location
[00:57:14] [Server thread/INFO]: Matirex53 left the game
[00:57:15] [Server thread/INFO]: RackyShao lost connection: You logged in from another location
[00:57:15] [Server thread/INFO]: RackyShao left the game
[00:57:19] [Server thread/INFO]: ReynFabio[/[0:0:0:0:0:0:0:1%0]:46816] logged in with entity id 8814 at (37.34467512571214, 71.0, 374.5003881782864)
[00:57:19] [Server thread/INFO]: ReynFabio joined the game
[00:57:19] [Server thread/INFO]: Fervel05[/[0:0:0:0:0:0:0:1%0]:46826] logged in with entity id 8828 at (99.50405744227007, 69.7531999805212, 344.36949792729547)
[00:57:19] [Server thread/INFO]: Fervel05 joined the game
[00:57:19] [Server thread/INFO]: Matirex53[/[0:0:0:0:0:0:0:1%0]:46844] logged in with entity id 8834 at (178.18549727364763, 78.0, 426.8331799908522)
[00:57:19] [Server thread/INFO]: Matirex53 joined the game
[00:57:19] [Server thread/INFO]: Jere167[/[0:0:0:0:0:0:0:1%0]:46806] logged in with entity id 8836 at (31.30000001192093, 41.0, 219.9832596134728)
[00:57:19] [Server thread/INFO]: Jere167 joined the game
[00:57:20] [Server thread/INFO]: JSCD80[/[0:0:0:0:0:0:0:1%0]:52060] logged in with entity id 8854 at (-16.5, 82.0, 141.5)
[00:57:20] [Server thread/INFO]: JSCD80 joined the game
[00:57:20] [Server thread/INFO]: Yeric0ckman[/[0:0:0:0:0:0:0:1%0]:46800] logged in with entity id 8903 at (-122.09000646249349, 69.0, 341.30000001192093)
[00:57:20] [Server thread/INFO]: Yeric0ckman joined the game
[00:57:20] [Server thread/INFO]: RackyShao[/[0:0:0:0:0:0:0:1%0]:52064] logged in with entity id 8916 at (82.72133738554253, 89.10732601198593, 1245.7974272599265)
[00:57:20] [Server thread/INFO]: RackyShao joined the game
[00:57:28] [Server thread/INFO]: kalibre191 lost connection: Timed out
[00:57:28] [Server thread/INFO]: kalibre191 left the game
[00:57:28] [Server thread/WARN]: handleDisconnection() called twice
[00:57:32] [Server thread/INFO]: JSCD80 (/[0:0:0:0:0:0:0:1%0]:38066) lost connection: Timed out
[00:57:32] [Server thread/WARN]: Can't keep up! Is the server overloaded? Running 3777ms or 75 ticks behind
[00:57:35] [Server thread/INFO]: kalibre191[/[0:0:0:0:0:0:0:1%0]:56030] logged in with entity id 9642 at (66.69999998807907, 87.0, 77.69999998807907)
[00:57:35] [Server thread/INFO]: kalibre191 joined the game
[00:57:55] [Server thread/INFO]: [RackyShao: Teleported 8 entities to RackyShao]
[00:57:57] [Server thread/WARN]: Can't keep up! Is the server overloaded? Running 2048ms or 40 ticks behind
[00:58:04] [Server thread/INFO]: [RackyShao: Set own game mode to Survival Mode]
[00:58:04] [pool-5-thread-2/INFO]: Searching for closest structure among [ResourceKey[minecraft:worldgen/structure / towns_and_towers:exclusives/village_mediterranean], ResourceKey[minecraft:worldgen/structure / towns_and_towers:village_forest], ResourceKey[minecraft:worldgen/structure / towns_and_towers:exclusives/village_iberian], ResourceKey[minecraft:worldgen/structure / towns_and_towers:exclusives/village_rustic], ResourceKey[minecraft:worldgen/structure / towns_and_towers:exclusives/village_wandering_trader_camp], ResourceKey[minecraft:worldgen/structure / towns_and_towers:village_savanna_plateau], ResourceKey[minecraft:worldgen/structure / towns_and_towers:village_badlands], ResourceKey[minecraft:worldgen/structure / minecraft:village_desert]] from pos class_2338{x=-171, y=85, z=1227}
[00:58:09] [Server thread/INFO]: ReynFabio was slain by Yeric0ckman
[00:58:13] [Server thread/WARN]: RackyShao moved too quickly! 9.002807186332674,-2.0,-4.312872501019228
[00:58:13] [Server thread/WARN]: Matirex53 moved too quickly! -7.389394960608243,1.2491870787446828,6.726882656981161
[00:58:13] [Server thread/WARN]: Yeric0ckman moved too quickly! -2.5396295021119837,-1.0,-9.690122837042509
[00:58:13] [Server thread/WARN]: Jere167 moved too quickly! -7.3819282315398596,0.0,-6.96362563302273
[00:58:14] [Server thread/WARN]: Can't keep up! Is the server overloaded? Running 2372ms or 47 ticks behind
[00:58:42] [Server thread/INFO]: [RackyShao: Set the world spawn point to 88, 80, 1353 [0.0]]
[00:58:44] [Server thread/INFO]: Yeric0ckman has made the advancement [Monster Hunter]
[00:58:48] [Server thread/INFO]: [RackyShao: Teleported 8 entities to RackyShao]
[00:58:55] [Server thread/ERROR]: Caught unhandled exception : [INSTANCE] java.lang.NullPointerException: Cannot invoke "snownee.jade.mixin.AbstractFurnaceBlockEntityAccess.getCookingProgress()" because "access" is null
[00:58:55] [Server thread/ERROR]: See JadeErrorOutput.txt for more information
[00:58:55] [Server thread/ERROR]: 
java.lang.NullPointerException: Cannot invoke "snownee.jade.mixin.AbstractFurnaceBlockEntityAccess.getCookingProgress()" because "access" is null
	at knot/snownee.jade.addon.vanilla.FurnaceProvider.streamData(FurnaceProvider.java:44) ~[Jade-1.21.1-Fabric-15.8.3.jar:?]
	at knot/snownee.jade.addon.vanilla.FurnaceProvider.streamData(FurnaceProvider.java:21) ~[Jade-1.21.1-Fabric-15.8.3.jar:?]
	at knot/snownee.jade.api.StreamServerDataProvider.appendServerData(StreamServerDataProvider.java:16) ~[Jade-1.21.1-Fabric-15.8.3.jar:?]
	at knot/snownee.jade.impl.BlockAccessorImpl.lambda$handleRequest$0(BlockAccessorImpl.java:76) ~[Jade-1.21.1-Fabric-15.8.3.jar:?]
	at knot/net.minecraft.class_3738.run(class_3738.java:18) ~[server-intermediary.jar:?]
	at knot/net.minecraft.class_1255.method_18859(class_1255.java:162) ~[server-intermediary.jar:?]
	at knot/net.minecraft.class_4093.method_18859(class_4093.java:23) ~[server-intermediary.jar:?]
	at knot/net.minecraft.server.MinecraftServer.method_24306(MinecraftServer.java:864) ~[server-intermediary.jar:?]
	at knot/net.minecraft.server.MinecraftServer.method_18859(MinecraftServer.java:173) ~[server-intermediary.jar:?]
	at knot/net.minecraft.class_1255.method_16075(class_1255.java:136) ~[server-intermediary.jar:?]
	at knot/net.minecraft.server.MinecraftServer.method_20415(MinecraftServer.java:846) ~[server-intermediary.jar:?]
	at knot/net.minecraft.server.MinecraftServer.method_16075(MinecraftServer.java:840) ~[server-intermediary.jar:?]
	at knot/net.minecraft.class_1255.method_5383(class_1255.java:121) ~[server-intermediary.jar:?]
	at knot/net.minecraft.server.MinecraftServer.method_16208(MinecraftServer.java:814) ~[server-intermediary.jar:?]
	at knot/net.minecraft.server.MinecraftServer.method_29741(MinecraftServer.java:702) ~[server-intermediary.jar:?]
	at knot/net.minecraft.server.MinecraftServer.method_29739(MinecraftServer.java:281) ~[server-intermediary.jar:?]
	at java.base/java.lang.Thread.run(Thread.java:1583) [?:?]
[00:59:31] [pool-5-thread-3/INFO]: Searching for closest structure among [ResourceKey[minecraft:worldgen/structure / towns_and_towers:village_meadow], ResourceKey[minecraft:worldgen/structure / towns_and_towers:village_jungle], ResourceKey[minecraft:worldgen/structure / minecraft:village_snowy], ResourceKey[minecraft:worldgen/structure / towns_and_towers:exclusives/village_rustic], ResourceKey[minecraft:worldgen/structure / towns_and_towers:exclusives/village_nilotic], ResourceKey[minecraft:worldgen/structure / minecraft:village_taiga], ResourceKey[minecraft:worldgen/structure / towns_and_towers:exclusives/village_iberian], ResourceKey[minecraft:worldgen/structure / towns_and_towers:village_mushroom_fields]] from pos class_2338{x=5, y=84, z=1595}
[00:59:33] [Server thread/WARN]: Can't keep up! Is the server overloaded? Running 2350ms or 47 ticks behind
[00:59:33] [Server thread/WARN]: Matirex53 moved too quickly! -9.387536871781208,0.42355929454303975,-3.861340654517562
[00:59:33] [Server thread/WARN]: Fervel05 moved too quickly! -6.196675574974307,1.044812420399012,-7.971622619329992
[00:59:33] [Server thread/WARN]: ReynFabio moved too quickly! 9.010716668555066,1.1216000461578375,4.542944935328933
[00:59:34] [Server thread/WARN]: Tried to load a DUMMY block entity @ class_2338{x=5, y=84, z=1595} but found not block entity block Block{minecraft:spruce_fence}[east=false,north=true,south=false,waterlogged=false,west=false] at location
[00:59:34] [Server thread/WARN]: Tried to load a block entity for block Block{minecraft:spruce_fence}[east=false,north=true,south=false,waterlogged=false,west=false] but failed at location class_2338{x=5, y=84, z=1595}
[00:59:34] [Server thread/WARN]: Tried to load a DUMMY block entity @ class_2338{x=5, y=83, z=1594} but found not block entity block Block{supplementaries:candle_holder}[candles=1,face=ceiling,facing=north,lit=true,waterlogged=false] at location
[00:59:34] [Server thread/WARN]: Tried to load a block entity for block Block{supplementaries:candle_holder}[candles=1,face=ceiling,facing=north,lit=true,waterlogged=false] but failed at location class_2338{x=5, y=83, z=1594}
[00:59:34] [Server thread/WARN]: Tried to load a DUMMY block entity @ class_2338{x=5, y=84, z=1594} but found not block entity block Block{minecraft:spruce_fence}[east=false,north=false,south=true,waterlogged=false,west=false] at location
[00:59:34] [Server thread/WARN]: Tried to load a block entity for block Block{minecraft:spruce_fence}[east=false,north=false,south=true,waterlogged=false,west=false] but failed at location class_2338{x=5, y=84, z=1594}
[01:00:13] [Server thread/INFO]: RackyShao has made the advancement [Acquire Hardware]
[01:00:23] [Server thread/INFO]: RackyShao has made the advancement [Diamonds!]
[01:00:47] [Server thread/WARN]: ReynFabio moved too quickly! 9.825470490382102,1.0,2.9377594832744762
[01:00:47] [Server thread/WARN]: Matirex53 moved too quickly! -3.8757706407607486,3.2247629905309907,-8.688685386431757
[01:00:47] [Server thread/WARN]: Jere167 moved too quickly! -5.625936390655568,2.024424088213692,-8.378103796227379
[01:00:47] [Server thread/WARN]: JSCD80 moved too quickly! -8.301803850539399,-0.7684762024129839,-5.579784227563323
[01:00:47] [Server thread/WARN]: Can't keep up! Is the server overloaded? Running 3050ms or 61 ticks behind
[01:00:52] [Server thread/INFO]: Jere167 has made the advancement [Monster Hunter]
[01:01:05] [Server thread/INFO]: JSCD80 was slain by Zombie
[01:01:21] [Server thread/INFO]: Fervel05 has made the advancement [Stone Age]
[01:01:43] [Server thread/INFO]: Fervel05 has made the advancement [Getting an Upgrade]
[01:02:06] [Server thread/WARN]: Can't keep up! Is the server overloaded? Running 2005ms or 40 ticks behind
[01:02:24] [Server thread/WARN]: Can't keep up! Is the server overloaded? Running 3440ms or 68 ticks behind
[01:02:38] [Server thread/INFO]: Matirex53 has made the advancement [Monster Hunter]
[01:03:13] [pool-5-thread-4/INFO]: Searching for closest structure among [ResourceKey[minecraft:worldgen/structure / towns_and_towers:village_old_growth_taiga], ResourceKey[minecraft:worldgen/structure / towns_and_towers:village_birch_forest], ResourceKey[minecraft:worldgen/structure / towns_and_towers:village_snowy_taiga], ResourceKey[minecraft:worldgen/structure / minecraft:village_savanna], ResourceKey[minecraft:worldgen/structure / minecraft:village_snowy], ResourceKey[minecraft:worldgen/structure / towns_and_towers:exclusives/village_swedish], ResourceKey[minecraft:worldgen/structure / towns_and_towers:exclusives/village_nilotic], ResourceKey[minecraft:worldgen/structure / towns_and_towers:village_mushroom_fields]] from pos class_2338{x=347, y=97, z=1269}
[01:03:19] [Server thread/WARN]: Can't keep up! Is the server overloaded? Running 5610ms or 112 ticks behind
[01:03:44] [Server thread/WARN]: Can't keep up! Is the server overloaded? Running 2050ms or 41 ticks behind
[01:03:50] [Server thread/INFO]: Matirex53 has made the advancement [Stone Age]
[01:04:01] [Server thread/WARN]: Can't keep up! Is the server overloaded? Running 2214ms or 44 ticks behind
[01:04:19] [Server thread/WARN]: Can't keep up! Is the server overloaded? Running 2621ms or 52 ticks behind
[01:04:20] [Server thread/INFO]: Matirex53 has made the advancement [Getting an Upgrade]
[01:04:23] [Worker-Main-2/WARN]: Empty or non-existent pool: minecraft:
[01:04:39] [Server thread/WARN]: Can't keep up! Is the server overloaded? Running 2011ms or 40 ticks behind
[01:04:49] [Server thread/WARN]: Jere167 moved too quickly! -3.5215077385184372,0.0,9.537341802343008
[01:04:59] [Server thread/WARN]: Can't keep up! Is the server overloaded? Running 4683ms or 93 ticks behind
[01:05:16] [Server thread/WARN]: Can't keep up! Is the server overloaded? Running 2116ms or 42 ticks behind
[01:05:34] [Server thread/WARN]: Can't keep up! Is the server overloaded? Running 3364ms or 67 ticks behind
[01:05:51] [Server thread/WARN]: Can't keep up! Is the server overloaded? Running 2423ms or 48 ticks behind
[01:05:54] [pool-5-thread-5/INFO]: Searching for closest structure among [ResourceKey[minecraft:worldgen/structure / towns_and_towers:exclusives/village_rustic], ResourceKey[minecraft:worldgen/structure / minecraft:village_desert], ResourceKey[minecraft:worldgen/structure / towns_and_towers:village_beach], ResourceKey[minecraft:worldgen/structure / towns_and_towers:village_sunflower_plains], ResourceKey[minecraft:worldgen/structure / minecraft:village_snowy], ResourceKey[minecraft:worldgen/structure / towns_and_towers:village_sparse_jungle], ResourceKey[minecraft:worldgen/structure / towns_and_towers:village_grove], ResourceKey[minecraft:worldgen/structure / towns_and_towers:village_snowy_slopes]] from pos class_2338{x=-485, y=85, z=1339}
[01:05:55] [Server thread/INFO]: JSCD80 has made the advancement [Stone Age]
[01:05:57] [pool-5-thread-6/INFO]: Searching for closest structure among [ResourceKey[minecraft:worldgen/structure / minecraft:village_snowy], ResourceKey[minecraft:worldgen/structure / towns_and_towers:village_swamp], ResourceKey[minecraft:worldgen/structure / minecraft:village_desert], ResourceKey[minecraft:worldgen/structure / towns_and_towers:exclusives/village_wandering_trader_camp], ResourceKey[minecraft:worldgen/structure / towns_and_towers:exclusives/village_classic], ResourceKey[minecraft:worldgen/structure / towns_and_towers:village_meadow], ResourceKey[minecraft:worldgen/structure / minecraft:village_taiga], ResourceKey[minecraft:worldgen/structure / towns_and_towers:exclusives/village_tudor]] from pos class_2338{x=-491, y=80, z=1035}
[01:05:57] [Server thread/WARN]: Tried to load a DUMMY block entity @ class_2338{x=-490, y=78, z=1034} but found not block entity block Block{minecraft:lantern}[hanging=false,waterlogged=false] at location
[01:05:57] [Server thread/WARN]: Tried to load a block entity for block Block{minecraft:lantern}[hanging=false,waterlogged=false] but failed at location class_2338{x=-490, y=78, z=1034}
[01:05:57] [Server thread/WARN]: Tried to load a DUMMY block entity @ class_2338{x=-491, y=80, z=1035} but found not block entity block Block{minecraft:spruce_trapdoor}[facing=north,half=bottom,open=false,powered=false,waterlogged=false] at location
[01:05:57] [Server thread/WARN]: Tried to load a block entity for block Block{minecraft:spruce_trapdoor}[facing=north,half=bottom,open=false,powered=false,waterlogged=false] but failed at location class_2338{x=-491, y=80, z=1035}
[01:05:57] [Server thread/WARN]: Tried to load a DUMMY block entity @ class_2338{x=-490, y=77, z=1035} but found not block entity block Block{minecraft:stone_stairs}[facing=north,half=bottom,shape=straight,waterlogged=false] at location
[01:05:57] [Server thread/WARN]: Tried to load a block entity for block Block{minecraft:stone_stairs}[facing=north,half=bottom,shape=straight,waterlogged=false] but failed at location class_2338{x=-490, y=77, z=1035}
[01:05:57] [Server thread/WARN]: Tried to load a DUMMY block entity @ class_2338{x=-490, y=77, z=1034} but found not block entity block Block{minecraft:stone} at location
[01:05:57] [Server thread/WARN]: Tried to load a block entity for block Block{minecraft:stone} but failed at location class_2338{x=-490, y=77, z=1034}
[01:06:03] [Server thread/INFO]: RackyShao has made the advancement [Getting an Upgrade]
[01:06:15] [Server thread/WARN]: Can't keep up! Is the server overloaded? Running 9176ms or 183 ticks behind
[01:06:36] [Server thread/WARN]: Can't keep up! Is the server overloaded? Running 5926ms or 118 ticks behind
[01:06:50] [Server thread/INFO]: Jere167 has made the advancement [Best Friends Forever]
[01:07:01] [Server thread/WARN]: Can't keep up! Is the server overloaded? Running 9703ms or 194 ticks behind
[01:07:23] [Server thread/WARN]: Can't keep up! Is the server overloaded? Running 6713ms or 134 ticks behind
[01:07:44] [Server thread/WARN]: Can't keep up! Is the server overloaded? Running 5915ms or 118 ticks behind
[01:08:05] [Server thread/WARN]: Can't keep up! Is the server overloaded? Running 6144ms or 122 ticks behind
[01:08:07] [pool-5-thread-7/INFO]: Searching for closest structure among [ResourceKey[minecraft:worldgen/structure / towns_and_towers:village_mushroom_fields], ResourceKey[minecraft:worldgen/structure / towns_and_towers:village_sunflower_plains], ResourceKey[minecraft:worldgen/structure / towns_and_towers:village_wooded_badlands], ResourceKey[minecraft:worldgen/structure / towns_and_towers:village_flower_forest], ResourceKey[minecraft:worldgen/structure / towns_and_towers:village_old_growth_taiga], ResourceKey[minecraft:worldgen/structure / towns_and_towers:village_beach], ResourceKey[minecraft:worldgen/structure / towns_and_towers:village_forest], ResourceKey[minecraft:worldgen/structure / minecraft:village_taiga]] from pos class_2338{x=75, y=70, z=1915}
[01:08:08] [Server thread/WARN]: Tried to load a DUMMY block entity @ class_2338{x=75, y=70, z=1915} but found not block entity block Block{minecraft:stripped_spruce_log}[axis=y] at location
[01:08:08] [Server thread/WARN]: Tried to load a block entity for block Block{minecraft:stripped_spruce_log}[axis=y] but failed at location class_2338{x=75, y=70, z=1915}
[01:08:08] [Server thread/WARN]: Tried to load a DUMMY block entity @ class_2338{x=76, y=70, z=1915} but found not block entity block Block{minecraft:spruce_fence}[east=false,north=false,south=false,waterlogged=false,west=true] at location
[01:08:08] [Server thread/WARN]: Tried to load a block entity for block Block{minecraft:spruce_fence}[east=false,north=false,south=false,waterlogged=false,west=true] but failed at location class_2338{x=76, y=70, z=1915}
[01:08:08] [Server thread/WARN]: Tried to load a DUMMY block entity @ class_2338{x=74, y=70, z=1915} but found not block entity block Block{minecraft:spruce_fence}[east=true,north=false,south=false,waterlogged=false,west=false] at location
[01:08:08] [Server thread/WARN]: Tried to load a block entity for block Block{minecraft:spruce_fence}[east=true,north=false,south=false,waterlogged=false,west=false] but failed at location class_2338{x=74, y=70, z=1915}
[01:08:08] [Server thread/WARN]: Tried to load a DUMMY block entity @ class_2338{x=74, y=69, z=1915} but found not block entity block Block{minecraft:lantern}[hanging=true,waterlogged=false] at location
[01:08:08] [Server thread/WARN]: Tried to load a block entity for block Block{minecraft:lantern}[hanging=true,waterlogged=false] but failed at location class_2338{x=74, y=69, z=1915}
[01:08:08] [Server thread/WARN]: Tried to load a DUMMY block entity @ class_2338{x=76, y=69, z=1915} but found not block entity block Block{minecraft:lantern}[hanging=true,waterlogged=false] at location
[01:08:08] [Server thread/WARN]: Tried to load a block entity for block Block{minecraft:lantern}[hanging=true,waterlogged=false] but failed at location class_2338{x=76, y=69, z=1915}
[01:08:27] [Server thread/INFO]: [RackyShao: Set own game mode to Spectator Mode]
[01:08:33] [Server thread/WARN]: Can't keep up! Is the server overloaded? Running 13395ms or 267 ticks behind
[01:08:37] [Server thread/INFO]: [RackyShao: Teleported RackyShao to Jere167]
